2025-05-16 13:53:53,030 INFO o.s.b.StartupInfoLogger [main] Starting UserServiceApplication using Java 17.0.15 on Stefan-PC with PID 35309 (/mnt/c/Users/stefa.STEFAN/OneDrive/Documents/cinema-microservice/CineVisionMicroserviceProject-main/userService/target/classes started by stefan in /mnt/c/Users/stefa.STEFAN/OneDrive/Documents/cinema-microservice/CineVisionMicroserviceProject-main/userService)
2025-05-16 13:53:53,034 DEBUG o.s.b.StartupInfoLogger [main] Running with Spring Boot v2.7.0, Spring v5.3.20
2025-05-16 13:53:53,035 INFO o.s.b.SpringApplication [main] No active profile set, falling back to 1 default profile: "default"
2025-05-16 13:53:56,213 INFO o.s.d.r.c.RepositoryConfigurationDelegate [main] Bootstrapping Spring Data MongoDB repositories in DEFAULT mode.
2025-05-16 13:53:57,516 INFO o.s.d.r.c.RepositoryConfigurationDelegate [main] Finished Spring Data repository scanning in 1290 ms. Found 2 MongoDB repository interfaces.
2025-05-16 13:53:58,449 INFO o.s.c.c.s.GenericScope [main] BeanFactory id=6d63ed97-29e6-3844-9102-d3285f68ff52
2025-05-16 13:54:00,429 INFO o.s.b.w.e.t.TomcatWebServer [main] Tomcat initialized with port(s): 0 (http)
2025-05-16 13:54:00,454 INFO o.a.j.l.DirectJDKLog [main] Initializing ProtocolHandler ["http-nio-auto-1"]
2025-05-16 13:54:00,455 INFO o.a.j.l.DirectJDKLog [main] Starting service [Tomcat]
2025-05-16 13:54:00,456 INFO o.a.j.l.DirectJDKLog [main] Starting Servlet engine: [Apache Tomcat/9.0.63]
2025-05-16 13:54:00,641 INFO o.a.j.l.DirectJDKLog [main] Initializing Spring embedded WebApplicationContext
2025-05-16 13:54:00,642 INFO o.s.b.w.s.c.ServletWebServerApplicationContext [main] Root WebApplicationContext: initialization completed in 7531 ms
2025-05-16 13:54:02,807 INFO c.m.d.l.SLF4JLogger [main] MongoClient with metadata {"driver": {"name": "mongo-java-driver|sync|spring-boot", "version": "4.6.0"}, "os": {"type": "Linux", "name": "Linux", "architecture": "amd64", "version": "5.15.167.4-microsoft-standard-WSL2"}, "platform": "Java/Ubuntu/17.0.15+6-Ubuntu-0ubuntu124.04"} created with settings MongoClientSettings{readPreference=primary, writeConcern=WriteConcern{w=null, wTimeout=null ms, journal=null}, retryWrites=true, retryReads=true, readConcern=ReadConcern{level=null}, credential=MongoCredential{mechanism=null, userName='rootuser', source='admin', password=<hidden>, mechanismProperties=<hidden>}, streamFactoryFactory=null, commandListeners=[org.springframework.cloud.sleuth.instrument.mongodb.TraceMongoCommandListener@6eaa6b0c], codecRegistry=ProvidersCodecRegistry{codecProviders=[ValueCodecProvider{}, BsonValueCodecProvider{}, DBRefCodecProvider{}, DBObjectCodecProvider{}, DocumentCodecProvider{}, IterableCodecProvider{}, MapCodecProvider{}, GeoJsonCodecProvider{}, GridFSFileCodecProvider{}, Jsr310CodecProvider{}, JsonObjectCodecProvider{}, BsonCodecProvider{}, EnumCodecProvider{}, com.mongodb.Jep395RecordCodecProvider@4afcae7]}, clusterSettings={hosts=[localhost:27017], srvServiceName=mongodb, mode=SINGLE, requiredClusterType=UNKNOWN, requiredReplicaSetName='null', serverSelector='null', clusterListeners='[]', serverSelectionTimeout='30000 ms', localThreshold='30000 ms'}, socketSettings=SocketSettings{connectTimeoutMS=10000, readTimeoutMS=0, receiveBufferSize=0, sendBufferSize=0}, heartbeatSocketSettings=SocketSettings{connectTimeoutMS=10000, readTimeoutMS=10000, receiveBufferSize=0, sendBufferSize=0}, connectionPoolSettings=ConnectionPoolSettings{maxSize=100, minSize=0, maxWaitTimeMS=120000, maxConnectionLifeTimeMS=0, maxConnectionIdleTimeMS=0, maintenanceInitialDelayMS=0, maintenanceFrequencyMS=60000, connectionPoolListeners=[], maxConnecting=2}, serverSettings=ServerSettings{heartbeatFrequencyMS=10000, minHeartbeatFrequencyMS=500, serverListeners='[]', serverMonitorListeners='[]'}, sslSettings=SslSettings{enabled=false, invalidHostNameAllowed=false, context=null}, applicationName='null', compressorList=[], uuidRepresentation=JAVA_LEGACY, serverApi=null, autoEncryptionSettings=null, contextProvider=org.springframework.cloud.sleuth.instrument.mongodb.TraceSynchronousMongoClientSettingsBuilderCustomizer$$Lambda$732/0x00007ff57451b5c0@6cd2cb2}
2025-05-16 13:54:02,845 INFO c.m.d.l.SLF4JLogger [cluster-rtt-ClusterId{value='6827275a9c52250b01a59cdf', description='null'}-localhost:27017] Opened connection [connectionId{localValue:2, serverValue:13}] to localhost:27017
2025-05-16 13:54:02,845 INFO c.m.d.l.SLF4JLogger [cluster-ClusterId{value='6827275a9c52250b01a59cdf', description='null'}-localhost:27017] Opened connection [connectionId{localValue:1, serverValue:12}] to localhost:27017
2025-05-16 13:54:02,847 INFO c.m.d.l.SLF4JLogger [cluster-ClusterId{value='6827275a9c52250b01a59cdf', description='null'}-localhost:27017] Monitor thread successfully connected to server with description ServerDescription{address=localhost:27017, type=STANDALONE, state=CONNECTED, ok=true, minWireVersion=0, maxWireVersion=25, maxDocumentSize=16777216, logicalSessionTimeoutMinutes=30, roundTripTimeNanos=79886791}
2025-05-16 13:54:03,067 WARN o.s.d.c.CustomConversions [main] Registering converter from class java.time.LocalDateTime to class org.joda.time.LocalDateTime as reading converter although it doesn't convert from a store-supported type! You might want to check your annotation setup at the converter implementation.
2025-05-16 13:54:03,779 WARN o.s.d.c.CustomConversions [main] Registering converter from class java.time.LocalDateTime to class org.joda.time.LocalDateTime as reading converter although it doesn't convert from a store-supported type! You might want to check your annotation setup at the converter implementation.
2025-05-16 13:54:04,289 INFO c.m.d.l.SLF4JLogger [main] Opened connection [connectionId{localValue:3, serverValue:14}] to localhost:27017
2025-05-16 13:54:07,295 INFO o.s.s.w.DefaultSecurityFilterChain [main] Will secure any request with [org.springframework.security.web.session.DisableEncodeUrlFilter@4713b631, org.springframework.security.web.context.request.async.WebAsyncManagerIntegrationFilter@7a0d2c80, org.springframework.security.web.context.SecurityContextPersistenceFilter@7cec3975, org.springframework.security.web.header.HeaderWriterFilter@771d4db, org.springframework.web.filter.CorsFilter@6d4d0a14, org.springframework.security.web.authentication.logout.LogoutFilter@81a8898, com.kaankaplan.userService.core.security.TokenVerifierFilter@1cca3e8c, org.springframework.security.web.savedrequest.RequestCacheAwareFilter@24b8a393, org.springframework.security.web.servletapi.SecurityContextHolderAwareRequestFilter@460b77d6, org.springframework.security.web.authentication.AnonymousAuthenticationFilter@46b2a11a, org.springframework.security.web.session.SessionManagementFilter@b2d8dcd, org.springframework.security.web.access.ExceptionTranslationFilter@22368ddc, org.springframework.security.web.access.intercept.AuthorizationFilter@63b58ff4]
2025-05-16 13:54:08,749 INFO o.s.c.n.e.c.DiscoveryClientOptionalArgsConfiguration [main] Eureka HTTP Client uses RestTemplate.
2025-05-16 13:54:09,144 WARN o.s.c.l.c.LoadBalancerCacheAutoConfiguration$LoadBalancerCaffeineWarnLogger [main] Spring Cloud LoadBalancer is currently working with the default cache. While this cache implementation is useful for development and tests, it's recommended to use Caffeine cache in production.You can switch to using Caffeine cache, by adding it and org.springframework.cache.caffeine.CaffeineCacheManager to the classpath.
2025-05-16 13:54:09,312 INFO o.a.j.l.DirectJDKLog [main] Starting ProtocolHandler ["http-nio-auto-1"]
2025-05-16 13:54:09,338 INFO o.s.b.w.e.t.TomcatWebServer [main] Tomcat started on port(s): 44845 (http) with context path ''
2025-05-16 13:54:09,339 INFO o.s.c.n.e.s.EurekaAutoServiceRegistration [main] Updating port to 44845
2025-05-16 13:54:09,357 INFO o.s.c.n.e.InstanceInfoFactory [main] Setting initial instance status as: STARTING
2025-05-16 13:54:09,593 INFO c.n.d.DiscoveryClient [main] Initializing Eureka in region us-east-1
2025-05-16 13:54:09,621 INFO c.n.d.s.r.a.ConfigClusterResolver [main] Resolving eureka endpoints via configuration
2025-05-16 13:54:09,753 INFO c.n.d.DiscoveryClient [main] Disable delta property : false
2025-05-16 13:54:09,754 INFO c.n.d.DiscoveryClient [main] Single vip registry refresh property : null
2025-05-16 13:54:09,754 INFO c.n.d.DiscoveryClient [main] Force full registry fetch : false
2025-05-16 13:54:09,755 INFO c.n.d.DiscoveryClient [main] Application is null : false
2025-05-16 13:54:09,756 INFO c.n.d.DiscoveryClient [main] Registered Applications size is zero : true
2025-05-16 13:54:09,756 INFO c.n.d.DiscoveryClient [main] Application version is -1: true
2025-05-16 13:54:09,756 INFO c.n.d.DiscoveryClient [main] Getting all instance registry info from the eureka server
2025-05-16 13:54:10,848 INFO c.n.d.DiscoveryClient [main] The response status is 200
2025-05-16 13:54:10,857 INFO c.n.d.DiscoveryClient [main] Starting heartbeat executor: renew interval is: 30
2025-05-16 13:54:10,867 INFO c.n.d.InstanceInfoReplicator [main] InstanceInfoReplicator onDemand update allowed rate per min is 4
2025-05-16 13:54:10,879 INFO c.n.d.DiscoveryClient [main] Discovery Client initialized at timestamp 1747396450879 with initial instances count: 1
2025-05-16 13:54:10,893 INFO o.s.c.n.e.s.EurekaServiceRegistry [main] Registering application USERSERVICE with eureka with status UP
2025-05-16 13:54:10,894 INFO c.n.d.DiscoveryClient$3 [main] Saw local status change event StatusChangeEvent [timestamp=1747396450894, current=UP, previous=STARTING]
2025-05-16 13:54:10,902 INFO c.n.d.DiscoveryClient [DiscoveryClient-InstanceInfoReplicator-0] DiscoveryClient_USERSERVICE/10.255.255.254:userService:0: registering service...
2025-05-16 13:54:10,922 INFO o.s.b.StartupInfoLogger [main] Started UserServiceApplication in 19.568 seconds (JVM running for 20.362)
2025-05-16 13:54:11,080 INFO c.n.d.DiscoveryClient [DiscoveryClient-InstanceInfoReplicator-0] DiscoveryClient_USERSERVICE/10.255.255.254:userService:0 - registration status: 204
2025-05-16 13:59:10,919 INFO c.n.d.s.r.a.ConfigClusterResolver [AsyncResolver-bootstrap-executor-0] Resolving eureka endpoints via configuration
2025-05-16 14:04:12,099 INFO c.n.d.s.r.a.ConfigClusterResolver [AsyncResolver-bootstrap-executor-0] Resolving eureka endpoints via configuration
2025-05-16 14:09:13,282 INFO c.n.d.s.r.a.ConfigClusterResolver [AsyncResolver-bootstrap-executor-0] Resolving eureka endpoints via configuration
2025-05-16 14:13:45,060 INFO o.a.j.l.DirectJDKLog [http-nio-auto-1-exec-1] Initializing Spring DispatcherServlet 'dispatcherServlet'
2025-05-16 14:13:45,061 INFO o.s.w.s.FrameworkServlet [http-nio-auto-1-exec-1] Initializing Servlet 'dispatcherServlet'
2025-05-16 14:13:45,063 INFO o.s.w.s.FrameworkServlet [http-nio-auto-1-exec-1] Completed initialization in 1 ms
2025-05-16 14:13:49,738 INFO c.k.u.c.AuthController [http-nio-auto-1-exec-2] Login attempt for email: 40954129@mynwu.ac.za
2025-05-16 14:13:49,739 DEBUG c.k.u.b.c.AuthServiceImpl [http-nio-auto-1-exec-2] Processing login request for email: 40954129@mynwu.ac.za
2025-05-16 14:13:49,854 ERROR c.k.u.b.c.AuthServiceImpl [http-nio-auto-1-exec-2] Authentication process failed for user: 40954129@mynwu.ac.za, error: Cannot invoke "com.kaankaplan.userService.entity.Claim.getClaimName()" because the return value of "com.kaankaplan.userService.entity.User.getClaim()" is null
2025-05-16 14:13:49,854 ERROR c.k.u.c.AuthController [http-nio-auto-1-exec-2] Login failed for user: 40954129@mynwu.ac.za, reason: Cannot invoke "com.kaankaplan.userService.entity.Claim.getClaimName()" because the return value of "com.kaankaplan.userService.entity.User.getClaim()" is null
2025-05-16 14:14:14,483 INFO c.n.d.s.r.a.ConfigClusterResolver [AsyncResolver-bootstrap-executor-0] Resolving eureka endpoints via configuration
2025-05-16 14:14:42,945 INFO c.k.u.c.AuthController [http-nio-auto-1-exec-3] Login attempt for email: 40954129@mynwu.ac.za
2025-05-16 14:14:42,946 DEBUG c.k.u.b.c.AuthServiceImpl [http-nio-auto-1-exec-3] Processing login request for email: 40954129@mynwu.ac.za
2025-05-16 14:14:42,949 ERROR c.k.u.b.c.AuthServiceImpl [http-nio-auto-1-exec-3] Authentication process failed for user: 40954129@mynwu.ac.za, error: Cannot invoke "com.kaankaplan.userService.entity.Claim.getClaimName()" because the return value of "com.kaankaplan.userService.entity.User.getClaim()" is null
2025-05-16 14:14:42,950 ERROR c.k.u.c.AuthController [http-nio-auto-1-exec-3] Login failed for user: 40954129@mynwu.ac.za, reason: Cannot invoke "com.kaankaplan.userService.entity.Claim.getClaimName()" because the return value of "com.kaankaplan.userService.entity.User.getClaim()" is null
2025-05-16 14:14:51,380 INFO c.k.u.c.AuthController [http-nio-auto-1-exec-4] Login attempt for email: 40954129@mynwu.ac.za
2025-05-16 14:14:51,381 DEBUG c.k.u.b.c.AuthServiceImpl [http-nio-auto-1-exec-4] Processing login request for email: 40954129@mynwu.ac.za
2025-05-16 14:14:51,384 ERROR c.k.u.b.c.AuthServiceImpl [http-nio-auto-1-exec-4] Authentication process failed for user: 40954129@mynwu.ac.za, error: Cannot invoke "com.kaankaplan.userService.entity.Claim.getClaimName()" because the return value of "com.kaankaplan.userService.entity.User.getClaim()" is null
2025-05-16 14:14:51,385 ERROR c.k.u.c.AuthController [http-nio-auto-1-exec-4] Login failed for user: 40954129@mynwu.ac.za, reason: Cannot invoke "com.kaankaplan.userService.entity.Claim.getClaimName()" because the return value of "com.kaankaplan.userService.entity.User.getClaim()" is null
2025-05-16 14:19:15,697 INFO c.n.d.s.r.a.ConfigClusterResolver [AsyncResolver-bootstrap-executor-0] Resolving eureka endpoints via configuration
2025-05-16 14:21:11,592 INFO o.s.b.StartupInfoLogger [main] Starting UserServiceApplication using Java 17.0.15 on Stefan-PC with PID 53734 (/mnt/c/Users/stefa.STEFAN/OneDrive/Documents/cinema-microservice/CineVisionMicroserviceProject-main/userService/target/classes started by stefan in /mnt/c/Users/stefa.STEFAN/OneDrive/Documents/cinema-microservice/CineVisionMicroserviceProject-main/userService)
2025-05-16 14:21:11,594 DEBUG o.s.b.StartupInfoLogger [main] Running with Spring Boot v2.7.0, Spring v5.3.20
2025-05-16 14:21:11,595 INFO o.s.b.SpringApplication [main] No active profile set, falling back to 1 default profile: "default"
2025-05-16 14:21:13,976 INFO o.s.d.r.c.RepositoryConfigurationDelegate [main] Bootstrapping Spring Data MongoDB repositories in DEFAULT mode.
2025-05-16 14:21:15,025 INFO o.s.d.r.c.RepositoryConfigurationDelegate [main] Finished Spring Data repository scanning in 1037 ms. Found 2 MongoDB repository interfaces.
2025-05-16 14:21:15,725 INFO o.s.c.c.s.GenericScope [main] BeanFactory id=6d63ed97-29e6-3844-9102-d3285f68ff52
2025-05-16 14:21:17,475 INFO o.s.b.w.e.t.TomcatWebServer [main] Tomcat initialized with port(s): 0 (http)
2025-05-16 14:21:17,499 INFO o.a.j.l.DirectJDKLog [main] Initializing ProtocolHandler ["http-nio-auto-1"]
2025-05-16 14:21:17,500 INFO o.a.j.l.DirectJDKLog [main] Starting service [Tomcat]
2025-05-16 14:21:17,500 INFO o.a.j.l.DirectJDKLog [main] Starting Servlet engine: [Apache Tomcat/9.0.63]
2025-05-16 14:21:17,673 INFO o.a.j.l.DirectJDKLog [main] Initializing Spring embedded WebApplicationContext
2025-05-16 14:21:17,674 INFO o.s.b.w.s.c.ServletWebServerApplicationContext [main] Root WebApplicationContext: initialization completed in 6027 ms
2025-05-16 14:21:19,332 INFO c.m.d.l.SLF4JLogger [main] MongoClient with metadata {"driver": {"name": "mongo-java-driver|sync|spring-boot", "version": "4.6.0"}, "os": {"type": "Linux", "name": "Linux", "architecture": "amd64", "version": "5.15.167.4-microsoft-standard-WSL2"}, "platform": "Java/Ubuntu/17.0.15+6-Ubuntu-0ubuntu124.04"} created with settings MongoClientSettings{readPreference=primary, writeConcern=WriteConcern{w=null, wTimeout=null ms, journal=null}, retryWrites=true, retryReads=true, readConcern=ReadConcern{level=null}, credential=MongoCredential{mechanism=null, userName='rootuser', source='admin', password=<hidden>, mechanismProperties=<hidden>}, streamFactoryFactory=null, commandListeners=[org.springframework.cloud.sleuth.instrument.mongodb.TraceMongoCommandListener@2513155a], codecRegistry=ProvidersCodecRegistry{codecProviders=[ValueCodecProvider{}, BsonValueCodecProvider{}, DBRefCodecProvider{}, DBObjectCodecProvider{}, DocumentCodecProvider{}, IterableCodecProvider{}, MapCodecProvider{}, GeoJsonCodecProvider{}, GridFSFileCodecProvider{}, Jsr310CodecProvider{}, JsonObjectCodecProvider{}, BsonCodecProvider{}, EnumCodecProvider{}, com.mongodb.Jep395RecordCodecProvider@6313b441]}, clusterSettings={hosts=[localhost:27017], srvServiceName=mongodb, mode=SINGLE, requiredClusterType=UNKNOWN, requiredReplicaSetName='null', serverSelector='null', clusterListeners='[]', serverSelectionTimeout='30000 ms', localThreshold='30000 ms'}, socketSettings=SocketSettings{connectTimeoutMS=10000, readTimeoutMS=0, receiveBufferSize=0, sendBufferSize=0}, heartbeatSocketSettings=SocketSettings{connectTimeoutMS=10000, readTimeoutMS=10000, receiveBufferSize=0, sendBufferSize=0}, connectionPoolSettings=ConnectionPoolSettings{maxSize=100, minSize=0, maxWaitTimeMS=120000, maxConnectionLifeTimeMS=0, maxConnectionIdleTimeMS=0, maintenanceInitialDelayMS=0, maintenanceFrequencyMS=60000, connectionPoolListeners=[], maxConnecting=2}, serverSettings=ServerSettings{heartbeatFrequencyMS=10000, minHeartbeatFrequencyMS=500, serverListeners='[]', serverMonitorListeners='[]'}, sslSettings=SslSettings{enabled=false, invalidHostNameAllowed=false, context=null}, applicationName='null', compressorList=[], uuidRepresentation=JAVA_LEGACY, serverApi=null, autoEncryptionSettings=null, contextProvider=org.springframework.cloud.sleuth.instrument.mongodb.TraceSynchronousMongoClientSettingsBuilderCustomizer$$Lambda$732/0x00007f0b0c51a9c8@47fa3671}
2025-05-16 14:21:19,379 INFO c.m.d.l.SLF4JLogger [cluster-ClusterId{value='68272dbfe99c7e77b29de85e', description='null'}-localhost:27017] Opened connection [connectionId{localValue:1, serverValue:28}] to localhost:27017
2025-05-16 14:21:19,379 INFO c.m.d.l.SLF4JLogger [cluster-rtt-ClusterId{value='68272dbfe99c7e77b29de85e', description='null'}-localhost:27017] Opened connection [connectionId{localValue:2, serverValue:29}] to localhost:27017
2025-05-16 14:21:19,380 INFO c.m.d.l.SLF4JLogger [cluster-ClusterId{value='68272dbfe99c7e77b29de85e', description='null'}-localhost:27017] Monitor thread successfully connected to server with description ServerDescription{address=localhost:27017, type=STANDALONE, state=CONNECTED, ok=true, minWireVersion=0, maxWireVersion=25, maxDocumentSize=16777216, logicalSessionTimeoutMinutes=30, roundTripTimeNanos=80077512}
2025-05-16 14:21:19,682 WARN o.s.d.c.CustomConversions [main] Registering converter from class java.time.LocalDateTime to class org.joda.time.LocalDateTime as reading converter although it doesn't convert from a store-supported type! You might want to check your annotation setup at the converter implementation.
2025-05-16 14:21:20,230 WARN o.s.d.c.CustomConversions [main] Registering converter from class java.time.LocalDateTime to class org.joda.time.LocalDateTime as reading converter although it doesn't convert from a store-supported type! You might want to check your annotation setup at the converter implementation.
2025-05-16 14:21:20,635 INFO c.m.d.l.SLF4JLogger [main] Opened connection [connectionId{localValue:3, serverValue:30}] to localhost:27017
2025-05-16 14:21:23,093 INFO o.s.s.w.DefaultSecurityFilterChain [main] Will secure any request with [org.springframework.security.web.session.DisableEncodeUrlFilter@5cf33d25, org.springframework.security.web.context.request.async.WebAsyncManagerIntegrationFilter@efa04b5, org.springframework.security.web.context.SecurityContextPersistenceFilter@b842275, org.springframework.security.web.header.HeaderWriterFilter@64540344, org.springframework.web.filter.CorsFilter@a80a896, org.springframework.security.web.authentication.logout.LogoutFilter@2cacd55e, com.kaankaplan.userService.core.security.TokenVerifierFilter@13c81bc5, org.springframework.security.web.savedrequest.RequestCacheAwareFilter@1071ae7c, org.springframework.security.web.servletapi.SecurityContextHolderAwareRequestFilter@72b1df49, org.springframework.security.web.authentication.AnonymousAuthenticationFilter@5617168c, org.springframework.security.web.session.SessionManagementFilter@6c49ea0c, org.springframework.security.web.access.ExceptionTranslationFilter@28bc9749, org.springframework.security.web.access.intercept.AuthorizationFilter@4713b631]
2025-05-16 14:21:24,199 INFO o.s.c.n.e.c.DiscoveryClientOptionalArgsConfiguration [main] Eureka HTTP Client uses RestTemplate.
2025-05-16 14:21:24,565 WARN o.s.c.l.c.LoadBalancerCacheAutoConfiguration$LoadBalancerCaffeineWarnLogger [main] Spring Cloud LoadBalancer is currently working with the default cache. While this cache implementation is useful for development and tests, it's recommended to use Caffeine cache in production.You can switch to using Caffeine cache, by adding it and org.springframework.cache.caffeine.CaffeineCacheManager to the classpath.
2025-05-16 14:21:24,704 INFO o.a.j.l.DirectJDKLog [main] Starting ProtocolHandler ["http-nio-auto-1"]
2025-05-16 14:21:24,730 INFO o.s.b.w.e.t.TomcatWebServer [main] Tomcat started on port(s): 33229 (http) with context path ''
2025-05-16 14:21:24,731 INFO o.s.c.n.e.s.EurekaAutoServiceRegistration [main] Updating port to 33229
2025-05-16 14:21:24,749 INFO o.s.c.n.e.InstanceInfoFactory [main] Setting initial instance status as: STARTING
2025-05-16 14:21:24,964 INFO c.n.d.DiscoveryClient [main] Initializing Eureka in region us-east-1
2025-05-16 14:21:24,999 INFO c.n.d.s.r.a.ConfigClusterResolver [main] Resolving eureka endpoints via configuration
2025-05-16 14:21:25,106 INFO c.n.d.DiscoveryClient [main] Disable delta property : false
2025-05-16 14:21:25,106 INFO c.n.d.DiscoveryClient [main] Single vip registry refresh property : null
2025-05-16 14:21:25,107 INFO c.n.d.DiscoveryClient [main] Force full registry fetch : false
2025-05-16 14:21:25,107 INFO c.n.d.DiscoveryClient [main] Application is null : false
2025-05-16 14:21:25,108 INFO c.n.d.DiscoveryClient [main] Registered Applications size is zero : true
2025-05-16 14:21:25,108 INFO c.n.d.DiscoveryClient [main] Application version is -1: true
2025-05-16 14:21:25,108 INFO c.n.d.DiscoveryClient [main] Getting all instance registry info from the eureka server
2025-05-16 14:21:25,993 INFO c.n.d.DiscoveryClient [main] The response status is 200
2025-05-16 14:21:26,002 INFO c.n.d.DiscoveryClient [main] Starting heartbeat executor: renew interval is: 30
2025-05-16 14:21:26,011 INFO c.n.d.InstanceInfoReplicator [main] InstanceInfoReplicator onDemand update allowed rate per min is 4
2025-05-16 14:21:26,024 INFO c.n.d.DiscoveryClient [main] Discovery Client initialized at timestamp 1747398086023 with initial instances count: 4
2025-05-16 14:21:26,037 INFO o.s.c.n.e.s.EurekaServiceRegistry [main] Registering application USERSERVICE with eureka with status UP
2025-05-16 14:21:26,038 INFO c.n.d.DiscoveryClient$3 [main] Saw local status change event StatusChangeEvent [timestamp=1747398086038, current=UP, previous=STARTING]
2025-05-16 14:21:26,047 INFO c.n.d.DiscoveryClient [DiscoveryClient-InstanceInfoReplicator-0] DiscoveryClient_USERSERVICE/10.255.255.254:userService:0: registering service...
2025-05-16 14:21:26,070 INFO o.s.b.StartupInfoLogger [main] Started UserServiceApplication in 15.723 seconds (JVM running for 16.399)
2025-05-16 14:21:26,230 INFO c.n.d.DiscoveryClient [DiscoveryClient-InstanceInfoReplicator-0] DiscoveryClient_USERSERVICE/10.255.255.254:userService:0 - registration status: 204
2025-05-16 14:23:11,247 INFO o.a.j.l.DirectJDKLog [http-nio-auto-1-exec-1] Initializing Spring DispatcherServlet 'dispatcherServlet'
2025-05-16 14:23:11,248 INFO o.s.w.s.FrameworkServlet [http-nio-auto-1-exec-1] Initializing Servlet 'dispatcherServlet'
2025-05-16 14:23:11,250 INFO o.s.w.s.FrameworkServlet [http-nio-auto-1-exec-1] Completed initialization in 1 ms
2025-05-16 14:23:13,281 INFO c.k.u.c.AuthController [http-nio-auto-1-exec-2] Login attempt for email: 40954129@mynwu.ac.za
2025-05-16 14:23:13,282 DEBUG c.k.u.b.c.AuthServiceImpl [http-nio-auto-1-exec-2] Processing login request for email: 40954129@mynwu.ac.za
2025-05-16 14:23:13,433 DEBUG c.k.u.b.c.AuthServiceImpl [http-nio-auto-1-exec-2] Authentication successful for user: 40954129@mynwu.ac.za
2025-05-16 14:23:13,434 DEBUG c.k.u.b.c.AuthServiceImpl [http-nio-auto-1-exec-2] Generating JWT token for user: 40954129@mynwu.ac.za
2025-05-16 14:23:13,542 DEBUG c.k.u.b.c.AuthServiceImpl [http-nio-auto-1-exec-2] Retrieving user details for: 40954129@mynwu.ac.za
2025-05-16 14:23:13,546 DEBUG c.k.u.b.c.AuthServiceImpl [http-nio-auto-1-exec-2] Building authentication response for user: 40954129@mynwu.ac.za
2025-05-16 14:23:13,557 INFO c.k.u.c.AuthController [http-nio-auto-1-exec-2] Successful login for user: 40954129@mynwu.ac.za
